<?xml version="1.0" encoding="UTF-8"?>
<testng-results ignored="0" total="1" passed="1" failed="0" skipped="0">
  <reporter-output>
    <line>
      <![CDATA[Successfully Launched Chrome Browser]]>
    </line>
    <line>
      <![CDATA[Browser window is maximized successfully]]>
    </line>
  </reporter-output>
  <suite started-at="2022-06-02T14:19:35 IST" name="Default suite" finished-at="2022-06-02T14:19:48 IST" duration-ms="12743">
    <groups>
    </groups>
    <test started-at="2022-06-02T14:19:35 IST" name="Default test" finished-at="2022-06-02T14:19:48 IST" duration-ms="12743">
      <class name="LoginToWebsite.loginToWebsite">
        <test-method is-config="true" signature="openApplication(java.lang.String)[pri:0, instance:LoginToWebsite.loginToWebsite@6a28ffa4]" started-at="2022-06-02T14:19:35 IST" name="openApplication" finished-at="2022-06-02T14:19:36 IST" duration-ms="986" status="PASS">
          <params>
            <param index="0">
              <value>
                <![CDATA[chrome]]>
              </value>
            </param>
          </params>
          <reporter-output>
            <line>
              <![CDATA[Successfully Launched Chrome Browser]]>
            </line>
            <line>
              <![CDATA[Browser window is maximized successfully]]>
            </line>
          </reporter-output>
        </test-method> <!-- openApplication -->
        <test-method signature="login()[pri:0, instance:LoginToWebsite.loginToWebsite@6a28ffa4]" started-at="2022-06-02T14:19:36 IST" name="login" finished-at="2022-06-02T14:19:48 IST" duration-ms="11738" status="PASS">
          <reporter-output>
          </reporter-output>
        </test-method> <!-- login -->
      </class> <!-- LoginToWebsite.loginToWebsite -->
    </test> <!-- Default test -->
  </suite> <!-- Default suite -->
</testng-results>
