<?xml version="1.0" encoding="UTF-8"?>
<testng-results ignored="0" total="1" passed="1" failed="0" skipped="0">
  <reporter-output>
    <line>
      <![CDATA[Successfully Launched Chrome Browser]]>
    </line>
    <line>
      <![CDATA[Browser window is maximized successfully]]>
    </line>
  </reporter-output>
  <suite started-at="2022-06-09T05:23:19Z" name="Default suite" finished-at="2022-06-09T05:23:33Z" duration-ms="14157">
    <groups>
    </groups>
    <test started-at="2022-06-09T05:23:19Z" name="Default test" finished-at="2022-06-09T05:23:33Z" duration-ms="14157">
      <class name="TestScripts.leaveRequest">
        <test-method is-config="true" signature="openApplication(java.lang.String)[pri:0, instance:TestScripts.leaveRequest@74e28667]" started-at="2022-06-09T05:23:19Z" name="openApplication" finished-at="2022-06-09T05:23:20Z" duration-ms="1612" status="PASS">
          <params>
            <param index="0">
              <value>
                <![CDATA[chrome]]>
              </value>
            </param>
          </params>
          <reporter-output>
            <line>
              <![CDATA[Successfully Launched Chrome Browser]]>
            </line>
            <line>
              <![CDATA[Browser window is maximized successfully]]>
            </line>
          </reporter-output>
        </test-method> <!-- openApplication -->
        <test-method signature="login()[pri:0, instance:TestScripts.leaveRequest@74e28667]" started-at="2022-06-09T05:23:20Z" name="login" finished-at="2022-06-09T05:23:33Z" duration-ms="12532" status="PASS">
          <reporter-output>
          </reporter-output>
        </test-method> <!-- login -->
      </class> <!-- TestScripts.leaveRequest -->
    </test> <!-- Default test -->
  </suite> <!-- Default suite -->
</testng-results>
